<?xml version="1.0" encoding="UTF-8"?>
<!-- Generated by org.testng.reporters.JUnitReportReporter -->
<testsuite hostname="DESKTOP-026FG9G" failures="0" tests="1" name="Page.HomePage" time="3.373" errors="0" timestamp="2021-09-29T11:06:59 EDT" skipped="0">
  <testcase classname="Page.HomePage" name="loginPageTitleTest" time="3.373"/>
  <system-out/>
</testsuite> <!-- Page.HomePage -->
