<?xml version="1.0" encoding="UTF-8"?>
<!-- Generated by org.testng.reporters.JUnitReportReporter -->
<testsuite hostname="DESKTOP-026FG9G" failures="0" tests="1" name="testcases.HomePage" time="2.300" errors="0" timestamp="2021-09-29T11:07:47 EDT" skipped="0">
  <testcase classname="testcases.HomePage" name="loginPageTitleTest" time="2.300"/>
  <system-out/>
</testsuite> <!-- testcases.HomePage -->
