<?xml version="1.0" encoding="UTF-8"?>
<!-- Generated by org.testng.reporters.JUnitReportReporter -->
<testsuite hostname="DESKTOP-026FG9G" failures="0" tests="1" name="testcases.Landingtest" time="0.062" errors="0" timestamp="2021-09-30T11:22:45 EDT" skipped="0">
  <testcase classname="testcases.Landingtest" name="loginPageTitleTest" time="0.062"/>
  <system-out/>
</testsuite> <!-- testcases.Landingtest -->
